  Lisp 인터프리터.cpp
<<<<<<< HEAD
D:\2020-2강의자료\PL\LISP_interpreter\Lisp 인터프리터\Lisp 인터프리터.cpp(90,27): warning C4244: '+=': 'double'에서 'float'(으)로 변환하면서 데이터가 손실될 수 있습니다.
D:\2020-2강의자료\PL\LISP_interpreter\Lisp 인터프리터\Lisp 인터프리터.cpp(105,27): warning C4244: '*=': 'double'에서 'float'(으)로 변환하면서 데이터가 손실될 수 있습니다.
D:\2020-2강의자료\PL\LISP_interpreter\Lisp 인터프리터\Lisp 인터프리터.cpp(117,16): warning C4244: '=': 'double'에서 'float'(으)로 변환하면서 데이터가 손실될 수 있습니다.
D:\2020-2강의자료\PL\LISP_interpreter\Lisp 인터프리터\Lisp 인터프리터.cpp(121,27): warning C4244: '/=': 'double'에서 'float'(으)로 변환하면서 데이터가 손실될 수 있습니다.
D:\2020-2강의자료\PL\LISP_interpreter\Lisp 인터프리터\Lisp 인터프리터.cpp(133,16): warning C4244: '=': 'double'에서 'float'(으)로 변환하면서 데이터가 손실될 수 있습니다.
D:\2020-2강의자료\PL\LISP_interpreter\Lisp 인터프리터\Lisp 인터프리터.cpp(137,27): warning C4244: '-=': 'double'에서 'float'(으)로 변환하면서 데이터가 손실될 수 있습니다.
D:\2020-2강의자료\PL\LISP_interpreter\Lisp 인터프리터\Lisp 인터프리터.cpp(224): warning C4715: 'eval': 모든 제어 경로에서 값을 반환하지는 않습니다.
  Lisp 인터프리터.vcxproj -> D:\2020-2강의자료\PL\LISP_interpreter\Debug\Lisp 인터프리터.exe
=======
C:\Users\임혜민\source\repos\LISP_interpreter\Lisp 인터프리터\Lisp 인터프리터.cpp(88,27): warning C4244: '+=': 'double'에서 'float'(으)로 변환하면서 데이터가 손실될 수 있습니다.
C:\Users\임혜민\source\repos\LISP_interpreter\Lisp 인터프리터\Lisp 인터프리터.cpp(94,29): warning C4244: '+=': 'double'에서 'float'(으)로 변환하면서 데이터가 손실될 수 있습니다.
C:\Users\임혜민\source\repos\LISP_interpreter\Lisp 인터프리터\Lisp 인터프리터.cpp(113,27): warning C4244: '*=': 'double'에서 'float'(으)로 변환하면서 데이터가 손실될 수 있습니다.
C:\Users\임혜민\source\repos\LISP_interpreter\Lisp 인터프리터\Lisp 인터프리터.cpp(125,16): warning C4244: '=': 'double'에서 'float'(으)로 변환하면서 데이터가 손실될 수 있습니다.
C:\Users\임혜민\source\repos\LISP_interpreter\Lisp 인터프리터\Lisp 인터프리터.cpp(129,27): warning C4244: '/=': 'double'에서 'float'(으)로 변환하면서 데이터가 손실될 수 있습니다.
C:\Users\임혜민\source\repos\LISP_interpreter\Lisp 인터프리터\Lisp 인터프리터.cpp(141,16): warning C4244: '=': 'double'에서 'float'(으)로 변환하면서 데이터가 손실될 수 있습니다.
C:\Users\임혜민\source\repos\LISP_interpreter\Lisp 인터프리터\Lisp 인터프리터.cpp(145,27): warning C4244: '-=': 'double'에서 'float'(으)로 변환하면서 데이터가 손실될 수 있습니다.
  Lisp 인터프리터.vcxproj -> C:\Users\임혜민\source\repos\LISP_interpreter\Debug\Lisp 인터프리터.exe
>>>>>>> main
